#
# There is insufficient memory for the Java Runtime Environment to continue.
# Native memory allocation (mmap) failed to map 264241152 bytes for G1 virtual space
# Possible reasons:
#   The system is out of physical RAM or swap space
#   The process is running with CompressedOops enabled, and the Java Heap may be blocking the growth of the native heap
# Possible solutions:
#   Reduce memory load on the system
#   Increase physical memory or swap space
#   Check if swap backing store is full
#   Decrease Java heap size (-Xmx/-Xms)
#   Decrease number of Java threads
#   Decrease Java thread stack sizes (-Xss)
#   Set larger code cache with -XX:ReservedCodeCacheSize=
#   JVM is running with Zero Based Compressed Oops mode in which the Java heap is
#     placed in the first 32GB address space. The Java Heap base address is the
#     maximum limit for the native heap growth. Please use -XX:HeapBaseMinAddress
#     to set the Java Heap base and to place the Java Heap above 32GB virtual address.
# This output file may be truncated or incomplete.
#
#  Out of Memory Error (os_windows.cpp:3617), pid=20948, tid=47496
#
# JRE version:  (17.0.8.1+8) (build )
# Java VM: OpenJDK 64-Bit Server VM (17.0.8.1+8-LTS, mixed mode, sharing, tiered, compressed oops, compressed class ptrs, g1 gc, windows-amd64)
# No core dump will be written. Minidumps are not enabled by default on client versions of Windows
#

---------------  S U M M A R Y ------------

Command Line: -Dmaven.multiModuleProjectDirectory=C:\Users\SHALSHE\COCKPIT-PROJECT\deptdemo\deptdemo -Dmaven.home=C:\Program Files\JetBrains\IntelliJ IDEA Community Edition 2022.1.3\plugins\maven\lib\maven3 -Dclassworlds.conf=C:\Program Files\JetBrains\IntelliJ IDEA Community Edition 2022.1.3\plugins\maven\lib\maven3\bin\m2.conf -Dmaven.ext.class.path=C:\Program Files\JetBrains\IntelliJ IDEA Community Edition 2022.1.3\plugins\maven\lib\maven-event-listener.jar -javaagent:C:\Program Files\JetBrains\IntelliJ IDEA Community Edition 2022.1.3\lib\idea_rt.jar=53263:C:\Program Files\JetBrains\IntelliJ IDEA Community Edition 2022.1.3\bin -Dfile.encoding=UTF-8 org.codehaus.classworlds.Launcher -Didea.version=2022.1.3 clean install

Host: 11th Gen Intel(R) Core(TM) i5-1145G7 @ 2.60GHz, 8 cores, 15G,  Windows 11 , 64 bit Build 22621 (10.0.22621.5415)
Time: Mon Dec  1 15:45:10 2025 India Standard Time elapsed time: 0.045794 seconds (0d 0h 0m 0s)

---------------  T H R E A D  ---------------

Current thread (0x000001a91613f3a0):  JavaThread "Unknown thread" [_thread_in_vm, id=47496, stack(0x0000000250600000,0x0000000250700000)]

Stack: [0x0000000250600000,0x0000000250700000]
Native frames: (J=compiled Java code, j=interpreted, Vv=VM code, C=native code)
V  [jvm.dll+0x64c9da]
V  [jvm.dll+0x800834]
V  [jvm.dll+0x801fee]
V  [jvm.dll+0x802643]
V  [jvm.dll+0x23715b]
V  [jvm.dll+0x64977a]
V  [jvm.dll+0x63e1ca]
V  [jvm.dll+0x2f5e99]
V  [jvm.dll+0x2fd096]
V  [jvm.dll+0x349b7a]
V  [jvm.dll+0x349dbf]
V  [jvm.dll+0x2cc0d8]
V  [jvm.dll+0x2cd069]
V  [jvm.dll+0x7d4491]
V  [jvm.dll+0x357051]
V  [jvm.dll+0x7b485e]
V  [jvm.dll+0x3d45f3]
V  [jvm.dll+0x3d6041]
C  [jli.dll+0x51bf]
C  [ucrtbase.dll+0x29333]
C  [KERNEL32.DLL+0x1259d]
C  [ntdll.dll+0x5af78]


---------------  P R O C E S S  ---------------

Threads class SMR info:
_java_thread_list=0x00007ffa0fc2f898, length=0, elements={
}

Java Threads: ( => current thread )

Other Threads:
  0x000001a9161a94d0 GCTaskThread "GC Thread#0" [stack: 0x0000000250700000,0x0000000250800000] [id=38828]
  0x000001a9161b9f30 ConcurrentGCThread "G1 Main Marker" [stack: 0x0000000250800000,0x0000000250900000] [id=54388]
  0x000001a9161ba940 ConcurrentGCThread "G1 Conc#0" [stack: 0x0000000250900000,0x0000000250a00000] [id=5052]

[error occurred during error reporting (printing all threads), id 0xc0000005, EXCEPTION_ACCESS_VIOLATION (0xc0000005) at pc=0x00007ffa0f41d377]

VM state: not at safepoint (not fully initialized)

VM Mutex/Monitor currently owned by a thread:  ([mutex/lock_event])
[0x000001a91613a780] Heap_lock - owner thread: 0x000001a91613f3a0

Heap address: 0x0000000704e00000, size: 4018 MB, Compressed Oops mode: Zero based, Oop shift amount: 3

CDS archive(s) mapped at: [0x0000000000000000-0x0000000000000000-0x0000000000000000), size 0, SharedBaseAddress: 0x0000000800000000, ArchiveRelocationMode: 1.
Narrow klass base: 0x0000000000000000, Narrow klass shift: 0, Narrow klass range: 0x0

GC Precious Log:
<Empty>

Heap:
 garbage-first heap   total 0K, used 0K [0x0000000704e00000, 0x0000000800000000)
  region size 2048K, 0 young (0K), 0 survivors (0K)

[error occurred during error reporting (printing heap information), id 0xc0000005, EXCEPTION_ACCESS_VIOLATION (0xc0000005) at pc=0x00007ffa0f7e4bd9]

GC Heap History (0 events):
No events

Dll operation events (1 events):
Event: 0.033 Loaded shared library C:\Users\SHALSHE\.jdks\corretto-17.0.8.1\bin\java.dll

Deoptimization events (0 events):
No events

Classes unloaded (0 events):
No events

Classes redefined (0 events):
No events

Internal exceptions (0 events):
No events

VM Operations (0 events):
No events

Events (0 events):
No events


Dynamic libraries:
0x00007ff7bb5d0000 - 0x00007ff7bb5dd000 	C:\Users\SHALSHE\.jdks\corretto-17.0.8.1\bin\java.exe
0x00007ffaf5070000 - 0x00007ffaf5288000 	C:\WINDOWS\SYSTEM32\ntdll.dll
0x00007ffaf4220000 - 0x00007ffaf42e4000 	C:\WINDOWS\System32\KERNEL32.DLL
0x00007ffaf2560000 - 0x00007ffaf2933000 	C:\WINDOWS\System32\KERNELBASE.dll
0x00007ffaf2a80000 - 0x00007ffaf2b91000 	C:\WINDOWS\System32\ucrtbase.dll
0x00007ffad6500000 - 0x00007ffad6517000 	C:\Users\SHALSHE\.jdks\corretto-17.0.8.1\bin\jli.dll
0x00007ffaf48b0000 - 0x00007ffaf4a62000 	C:\WINDOWS\System32\USER32.dll
0x00007ffaf2ce0000 - 0x00007ffaf2d06000 	C:\WINDOWS\System32\win32u.dll
0x00007ffaf4c90000 - 0x00007ffaf4cb9000 	C:\WINDOWS\System32\GDI32.dll
0x00007ffaf2180000 - 0x00007ffaf229b000 	C:\WINDOWS\System32\gdi32full.dll
0x00007ffaf22a0000 - 0x00007ffaf233a000 	C:\WINDOWS\System32\msvcp_win.dll
0x00007ffad7f40000 - 0x00007ffad81dc000 	C:\WINDOWS\WinSxS\amd64_microsoft.windows.common-controls_6595b64144ccf1df_6.0.22621.6060_none_2712eda17382d24b\COMCTL32.dll
0x00007ffaf4cc0000 - 0x00007ffaf4d67000 	C:\WINDOWS\System32\msvcrt.dll
0x00007ffad6560000 - 0x00007ffad6575000 	C:\Users\SHALSHE\.jdks\corretto-17.0.8.1\bin\VCRUNTIME140.dll
0x00007ffaf4f40000 - 0x00007ffaf4f71000 	C:\WINDOWS\System32\IMM32.DLL
0x000001a913ae0000 - 0x000001a913af6000 	C:\WINDOWS\System32\umppc20008.dll
0x000001a913b20000 - 0x000001a913b34000 	C:\WINDOWS\System32\CsXumd64_20008.dll
0x00000000661f0000 - 0x0000000066262000 	C:\WINDOWS\System32\QIPCAP64.dll
0x00007ffaf3170000 - 0x00007ffaf3a0c000 	C:\WINDOWS\System32\SHELL32.dll
0x00007ffaf2940000 - 0x00007ffaf2a7f000 	C:\WINDOWS\System32\wintypes.dll
0x00007ffaf3c70000 - 0x00007ffaf4001000 	C:\WINDOWS\System32\combase.dll
0x00007ffaf4010000 - 0x00007ffaf4128000 	C:\WINDOWS\System32\RPCRT4.dll
0x00007ffaf4e80000 - 0x00007ffaf4f31000 	C:\WINDOWS\System32\ADVAPI32.dll
0x00007ffaf4b70000 - 0x00007ffaf4c18000 	C:\WINDOWS\System32\sechost.dll
0x00007ffaf2340000 - 0x00007ffaf2368000 	C:\WINDOWS\System32\bcrypt.dll
0x00007ffaf0920000 - 0x00007ffaf0a18000 	C:\WINDOWS\SYSTEM32\DNSAPI.dll
0x00007ffaf08f0000 - 0x00007ffaf091d000 	C:\WINDOWS\SYSTEM32\IPHLPAPI.DLL
0x00007ffaf3140000 - 0x00007ffaf3149000 	C:\WINDOWS\System32\NSI.dll
0x00007ffa99170000 - 0x00007ffa9920b000 	C:\Users\SHALSHE\.jdks\corretto-17.0.8.1\bin\msvcp140.dll
0x00007ffa0f140000 - 0x00007ffa0fd5d000 	C:\Users\SHALSHE\.jdks\corretto-17.0.8.1\bin\server\jvm.dll
0x00007ffaf2050000 - 0x00007ffaf209d000 	C:\WINDOWS\SYSTEM32\POWRPROF.dll
0x00007ffad3eb0000 - 0x00007ffad3eb9000 	C:\WINDOWS\SYSTEM32\WSOCK32.dll
0x00007ffaf4a70000 - 0x00007ffaf4ae1000 	C:\WINDOWS\System32\WS2_32.dll
0x00007ffae8200000 - 0x00007ffae8234000 	C:\WINDOWS\SYSTEM32\WINMM.dll
0x00007ffade5e0000 - 0x00007ffade5ea000 	C:\WINDOWS\SYSTEM32\VERSION.dll
0x00007ffaf2030000 - 0x00007ffaf2043000 	C:\WINDOWS\SYSTEM32\UMPDC.dll
0x00007ffaf1040000 - 0x00007ffaf1058000 	C:\WINDOWS\SYSTEM32\kernel.appcore.dll
0x00007ffad6e20000 - 0x00007ffad6e2a000 	C:\Users\SHALSHE\.jdks\corretto-17.0.8.1\bin\jimage.dll
0x00007ffaef7b0000 - 0x00007ffaef9e3000 	C:\WINDOWS\SYSTEM32\DBGHELP.DLL
0x00007ffaf4130000 - 0x00007ffaf4208000 	C:\WINDOWS\System32\OLEAUT32.dll
0x00007ffad7680000 - 0x00007ffad76b2000 	C:\WINDOWS\SYSTEM32\dbgcore.DLL
0x00007ffaf2370000 - 0x00007ffaf23eb000 	C:\WINDOWS\System32\bcryptPrimitives.dll
0x00007ffad1240000 - 0x00007ffad124e000 	C:\Users\SHALSHE\.jdks\corretto-17.0.8.1\bin\instrument.dll
0x00007ffac68d0000 - 0x00007ffac68f5000 	C:\Users\SHALSHE\.jdks\corretto-17.0.8.1\bin\java.dll

dbghelp: loaded successfully - version: 4.0.5 - missing functions: none
symbol engine: initialized successfully - sym options: 0x614 - pdb path: .;C:\Users\SHALSHE\.jdks\corretto-17.0.8.1\bin;C:\WINDOWS\SYSTEM32;C:\WINDOWS\WinSxS\amd64_microsoft.windows.common-controls_6595b64144ccf1df_6.0.22621.6060_none_2712eda17382d24b;C:\Users\SHALSHE\.jdks\corretto-17.0.8.1\bin\server

VM Arguments:
jvm_args: -Dmaven.multiModuleProjectDirectory=C:\Users\SHALSHE\COCKPIT-PROJECT\deptdemo\deptdemo -Dmaven.home=C:\Program Files\JetBrains\IntelliJ IDEA Community Edition 2022.1.3\plugins\maven\lib\maven3 -Dclassworlds.conf=C:\Program Files\JetBrains\IntelliJ IDEA Community Edition 2022.1.3\plugins\maven\lib\maven3\bin\m2.conf -Dmaven.ext.class.path=C:\Program Files\JetBrains\IntelliJ IDEA Community Edition 2022.1.3\plugins\maven\lib\maven-event-listener.jar -javaagent:C:\Program Files\JetBrains\IntelliJ IDEA Community Edition 2022.1.3\lib\idea_rt.jar=53263:C:\Program Files\JetBrains\IntelliJ IDEA Community Edition 2022.1.3\bin -Dfile.encoding=UTF-8 
java_command: org.codehaus.classworlds.Launcher -Didea.version=2022.1.3 clean install
java_class_path (initial): C:\Program Files\JetBrains\IntelliJ IDEA Community Edition 2022.1.3\plugins\maven\lib\maven3\boot\plexus-classworlds-2.6.0.jar;C:\Program Files\JetBrains\IntelliJ IDEA Community Edition 2022.1.3\plugins\maven\lib\maven3\boot\plexus-classworlds.license
Launcher Type: SUN_STANDARD

[Global flags]
     intx CICompilerCount                          = 4                                         {product} {ergonomic}
     uint ConcGCThreads                            = 2                                         {product} {ergonomic}
     uint G1ConcRefinementThreads                  = 8                                         {product} {ergonomic}
   size_t G1HeapRegionSize                         = 2097152                                   {product} {ergonomic}
    uintx GCDrainStackTargetSize                   = 64                                        {product} {ergonomic}
   size_t InitialHeapSize                          = 264241152                                 {product} {ergonomic}
   size_t MarkStackSize                            = 4194304                                   {product} {ergonomic}
   size_t MaxHeapSize                              = 4213178368                                {product} {ergonomic}
   size_t MinHeapDeltaBytes                        = 2097152                                   {product} {ergonomic}
   size_t MinHeapSize                              = 8388608                                   {product} {ergonomic}
    uintx NonNMethodCodeHeapSize                   = 5839372                                {pd product} {ergonomic}
    uintx NonProfiledCodeHeapSize                  = 122909434                              {pd product} {ergonomic}
    uintx ProfiledCodeHeapSize                     = 122909434                              {pd product} {ergonomic}
    uintx ReservedCodeCacheSize                    = 251658240                              {pd product} {ergonomic}
     bool SegmentedCodeCache                       = true                                      {product} {ergonomic}
   size_t SoftMaxHeapSize                          = 4213178368                             {manageable} {ergonomic}
     bool UseCompressedClassPointers               = true                           {product lp64_product} {ergonomic}
     bool UseCompressedOops                        = true                           {product lp64_product} {ergonomic}
     bool UseG1GC                                  = true                                      {product} {ergonomic}
     bool UseLargePagesIndividualAllocation        = false                                  {pd product} {ergonomic}

Logging:
Log output configuration:
 #0: stdout all=warning uptime,level,tags
 #1: stderr all=off uptime,level,tags

Environment Variables:
JAVA_HOME=C:\Users\SHALSHE\Java\jdk-17.0.16+8
PATH=C:\Program Files\Common Files\Oracle\Java\javapath;C:\Program Files\Amazon Corretto\jdk1.8.0_282\bin;C:\Program Files (x86)\Amazon Corretto\jdk1.8.0_282\bin;C:\WINDOWS\system32;C:\WINDOWS;C:\WINDOWS\System32\Wbem;C:\WINDOWS\System32\WindowsPowerShell\v1.0\;C:\WINDOWS\System32\OpenSSH\;C:\Program Files\dotnet\;C:\Program Files\Go\bin;C:\Program Files\GitHub CLI\;C:\apps\perl\current\c\bin;C:\apps\perl\current\perl\site\bin;C:\apps\perl\current\perl\bin;C:\Program Files (x86)\Pulse Secure\VC142.CRT\X64\;C:\Program Files (x86)\Pulse Secure\VC142.CRT\X86\;C:\Program Files (x86)\Common Files\Pulse Secure\TNC Client Plugin\;C:\Users\SHALSHE\AppData\Local\Microsoft\WindowsApps;C:\Users\SHALSHE\apache-maven-3.8.6\bin;C:\GIT\cmd;C:\Users\SHALSHE\go\bin;C:\gitleakstool;C:\Users\SHALSHE\AppData\Local\Microsoft\WinGet\Packages\Kubernetes.kubectl_Microsoft.Winget.Source_8wekyb3d8bbwe;
USERNAME=shalshe
OS=Windows_NT
PROCESSOR_IDENTIFIER=Intel64 Family 6 Model 140 Stepping 1, GenuineIntel
TMP=C:\Users\SHALSHE\AppData\Local\Temp
TEMP=C:\Users\SHALSHE\AppData\Local\Temp



---------------  S Y S T E M  ---------------

OS:
 Windows 11 , 64 bit Build 22621 (10.0.22621.5415)
OS uptime: 7 days 5:58 hours
Hyper-V role detected

CPU: total 8 (initial active 8) (4 cores per cpu, 2 threads per core) family 6 model 140 stepping 1 microcode 0xbc, cx8, cmov, fxsr, ht, mmx, 3dnowpref, sse, sse2, sse3, ssse3, sse4.1, sse4.2, popcnt, lzcnt, tsc, tscinvbit, avx, avx2, aes, erms, clmul, bmi1, bmi2, adx, avx512f, avx512dq, avx512cd, avx512bw, avx512vl, sha, fma, vzeroupper, avx512_vpopcntdq, avx512_vpclmulqdq, avx512_vaes, avx512_vnni, clflush, clflushopt, clwb, avx512_vbmi2, avx512_vbmi, hv
Processor Information for all 8 processors :
  Max Mhz: 2611, Current Mhz: 2611, Mhz Limit: 2611

Memory: 4k page, system-wide physical 16064M (987M free)
TotalPageFile size 38266M (AvailPageFile size 251M)
current process WorkingSet (physical memory assigned to process): 13M, peak: 13M
current process commit charge ("private bytes"): 61M, peak: 313M

vm_info: OpenJDK 64-Bit Server VM (17.0.8.1+8-LTS) for windows-amd64 JRE (17.0.8.1+8-LTS), built on Aug 19 2023 03:47:39 by "Administrator" with MS VC++ 15.9 (VS2017)

END.
